<?xml version="1.0" encoding="UTF-8"?>
<testsuite name="WordPuzzleTest" tests="2" skipped="0" failures="0" errors="0" timestamp="2016-04-22T15:57:56" hostname="epicodus-92.local" time="0.002">
  <properties/>
  <testcase name="worldPuzzle_doesItReplacevowelsTwoWordSentences" classname="WordPuzzleTest" time="0.001"/>
  <testcase name="worldPuzzle_doesItReplacevowelsInSingleWords" classname="WordPuzzleTest" time="0.001"/>
  <system-out><![CDATA[]]></system-out>
  <system-err><![CDATA[]]></system-err>
</testsuite>
