<?xml version="1.0" encoding="UTF-8"?>
<testsuite name="WordPuzzleTestFluentlenium" tests="6" skipped="0" failures="0" errors="0" timestamp="2016-04-22T22:27:48" hostname="epicodus-92.local" time="0.455">
  <properties/>
  <testcase name="testThataWordCanBeGuessed" classname="WordPuzzleTestFluentlenium" time="0.328"/>
  <testcase name="testThatIfTheUSerGuessISWrongTheCorrectMessageIsDisplayed" classname="WordPuzzleTestFluentlenium" time="0.025"/>
  <testcase name="testThataWordGetPuzzled" classname="WordPuzzleTestFluentlenium" time="0.015"/>
  <testcase name="rootTest" classname="WordPuzzleTestFluentlenium" time="0.006"/>
  <testcase name="testThatTheUserCanGetBackToRootToTypeANewWord" classname="WordPuzzleTestFluentlenium" time="0.042"/>
  <testcase name="testThatAfterGuessingWronglyTheUserCanTryAgain" classname="WordPuzzleTestFluentlenium" time="0.025"/>
  <system-out><![CDATA[]]></system-out>
  <system-err><![CDATA[[Thread-4] INFO org.eclipse.jetty.util.log - Logging initialized @534ms
[Thread-4] INFO spark.webserver.JettySparkServer - == Spark has ignited ...
[Thread-4] INFO spark.webserver.JettySparkServer - >> Listening on 0.0.0.0:4567
[Thread-4] INFO org.eclipse.jetty.server.Server - jetty-9.3.2.v20150730
[Thread-4] INFO org.eclipse.jetty.server.ServerConnector - Started ServerConnector@155c78fc{HTTP/1.1,[http/1.1]}{0.0.0.0:4567}
[Thread-4] INFO org.eclipse.jetty.server.Server - Started @589ms
[Test worker] INFO spark.webserver.JettySparkServer - >>> Spark shutting down ...
[Test worker] INFO org.eclipse.jetty.server.ServerConnector - Stopped ServerConnector@155c78fc{HTTP/1.1,[http/1.1]}{0.0.0.0:4567}
[Test worker] INFO spark.webserver.JettySparkServer - done
]]></system-err>
</testsuite>
