<?xml version="1.0" encoding="UTF-8"?>
<testsuite name="WordPuzzleTest" tests="5" skipped="0" failures="0" errors="0" timestamp="2016-04-22T22:27:48" hostname="epicodus-92.local" time="0.002">
  <properties/>
  <testcase name="worldPuzzle_doesItCorrectlyCompareOriginalSentenceAndUserGuess" classname="WordPuzzleTest" time="0.0"/>
  <testcase name="worldPuzzle_doesItReplacevowelsCapitalized" classname="WordPuzzleTest" time="0.0"/>
  <testcase name="worldPuzzle_doesItReplacevowelsTwoWordSentences" classname="WordPuzzleTest" time="0.0"/>
  <testcase name="worldPuzzle_doesItKeepTheVowelThatTheUserWannaSee" classname="WordPuzzleTest" time="0.0"/>
  <testcase name="worldPuzzle_doesItReplacevowelsInSingleWords" classname="WordPuzzleTest" time="0.001"/>
  <system-out><![CDATA[]]></system-out>
  <system-err><![CDATA[]]></system-err>
</testsuite>
